<?xml version="1.0" encoding="UTF-8"?>
<!-- Generated by org.testng.reporters.JUnitReportReporter -->
<testsuite hostname="DESKTOP-IC583JV" failures="0" tests="3" name="loanapplications.CarLoanApplicationTests" time="0.022" errors="0" timestamp="2022-09-28T09:42:58 IST" skipped="1">
  <testcase classname="loanapplications.CarLoanApplicationTests" name="CarLoanLoginAPI" time="0.001"/>
  <system-out/>
  <testcase classname="loanapplications.CarLoanApplicationTests" name="CarLoanLoginWeb" time="0.021"/>
  <system-out/>
  <testcase classname="loanapplications.CarLoanApplicationTests" name="CarLoanLoginMobile">
    <skipped/>
  </testcase> <!-- CarLoanLoginMobile -->
  <system-out/>
</testsuite> <!-- loanapplications.CarLoanApplicationTests -->
