<?xml version="1.0" encoding="UTF-8"?>
<!-- Generated by org.testng.reporters.JUnitReportReporter -->
<testsuite hostname="DESKTOP-IC583JV" failures="0" tests="3" name="loanapplications.HomeLoanApplicationTests" time="0.010" errors="0" timestamp="2022-09-27T19:56:48 IST" skipped="0">
  <testcase classname="loanapplications.HomeLoanApplicationTests" name="MobileHomeLoan" time="0.002"/>
  <system-out/>
  <testcase classname="loanapplications.HomeLoanApplicationTests" name="WebHomeLoan" time="0.001"/>
  <system-out/>
  <testcase classname="loanapplications.HomeLoanApplicationTests" name="APIHomeLoan" time="0.007"/>
  <system-out/>
</testsuite> <!-- loanapplications.HomeLoanApplicationTests -->
