<?xml version="1.0" encoding="UTF-8"?>
<!-- Generated by org.testng.reporters.JUnitReportReporter -->
<testsuite hostname="DESKTOP-IC583JV" failures="0" tests="1" name="ecommerce.SearchProduct" time="31.496" errors="0" timestamp="2022-10-08T20:28:51 IST" skipped="0">
  <testcase classname="ecommerce.SearchProduct" name="searchProduct" time="31.496"/>
  <system-out/>
</testsuite> <!-- ecommerce.SearchProduct -->
