<?xml version="1.0" encoding="UTF-8"?>
<!-- Generated by org.testng.reporters.JUnitReportReporter -->
<testsuite hostname="DESKTOP-IC583JV" failures="0" tests="1" name="ecommerce.LoginPage" time="45.620" errors="0" timestamp="2022-10-08T20:28:51 IST" skipped="0">
  <testcase classname="ecommerce.LoginPage" name="login" time="45.620"/>
  <system-out/>
</testsuite> <!-- ecommerce.LoginPage -->
