<?xml version="1.0" encoding="UTF-8"?>
<!-- Generated by org.testng.reporters.JUnitReportReporter -->
<testsuite hostname="DESKTOP-IC583JV" failures="0" tests="1" name="ecommerce.SearchProduct" time="29.808" errors="0" timestamp="2022-10-01T15:53:32 IST" skipped="0">
  <testcase classname="ecommerce.SearchProduct" name="searchProduct" time="29.808"/>
  <system-out/>
</testsuite> <!-- ecommerce.SearchProduct -->
