<?xml version="1.0" encoding="UTF-8"?>
<!-- Generated by org.testng.reporters.JUnitReportReporter -->
<testsuite hostname="DESKTOP-IC583JV" failures="0" tests="1" name="com.sample.flipkart.ImageLoaded" time="37.350" errors="0" timestamp="2022-10-11T13:00:22 IST" skipped="0">
  <testcase classname="com.sample.flipkart.ImageLoaded" name="imageLoaded" time="37.350"/>
  <system-out/>
</testsuite> <!-- com.sample.flipkart.ImageLoaded -->
