<?xml version="1.0" encoding="UTF-8"?>
<!-- Generated by org.testng.reporters.JUnitReportReporter -->
<testsuite hostname="DESKTOP-IC583JV" failures="0" tests="1" name="com.sample.flipkart.imageDownloadedBeforeScroll" time="41.939" errors="0" timestamp="2022-10-11T13:00:22 IST" skipped="0">
  <testcase classname="com.sample.flipkart.imageDownloadedBeforeScroll" name="imageDownloadedBeforeScroll" time="41.939"/>
  <system-out/>
</testsuite> <!-- com.sample.flipkart.imageDownloadedBeforeScroll -->
